<?xml version="1.0" encoding="UTF-8"?>
<testsuite xmlns:xsi="http://www.w3.org/2001/XMLSchema-instance" xsi:noNamespaceSchemaLocation="https://maven.apache.org/surefire/maven-surefire-plugin/xsd/surefire-test-report-3.0.xsd" version="3.0" name="net.lliira.dnd5e.common.util.DiceTest" time="0.063" tests="6" errors="0" skipped="0" failures="0">
  <properties>
[...]
</properties>
  <testcase name="testCombination" classname="net.lliira.dnd5e.common.util.DiceTest" time="0.012"/>
  <testcase name="testCount" classname="net.lliira.dnd5e.common.util.DiceTest" time="0"/>
  <testcase name="testSides" classname="net.lliira.dnd5e.common.util.DiceTest" time="0"/>
  <testcase name="testModifier" classname="net.lliira.dnd5e.common.util.DiceTest" time="0"/>
  <testcase name="testInvalidCount" classname="net.lliira.dnd5e.common.util.DiceTest" time="0"/>
  <testcase name="testInvalidSides" classname="net.lliira.dnd5e.common.util.DiceTest" time="0"/>
</testsuite>